19-Nov-2017 06:16:02.587 警告 [main] org.apache.tomcat.util.digester.SetPropertiesRule.begin [SetPropertiesRule]{Server/Service/Engine/Host/Context} Setting property 'debug' to '0' did not find a matching property.
19-Nov-2017 06:16:02.665 信息 [main] org.apache.catalina.startup.VersionLoggerListener.log Server version:        Apache Tomcat/8.0.39
19-Nov-2017 06:16:02.666 信息 [main] org.apache.catalina.startup.VersionLoggerListener.log Server built:          Nov 9 2016 08:48:39 UTC
19-Nov-2017 06:16:02.666 信息 [main] org.apache.catalina.startup.VersionLoggerListener.log Server number:         8.0.39.0
19-Nov-2017 06:16:02.666 信息 [main] org.apache.catalina.startup.VersionLoggerListener.log OS Name:               Linux
19-Nov-2017 06:16:02.667 信息 [main] org.apache.catalina.startup.VersionLoggerListener.log OS Version:            2.6.32-431.el6.x86_64
19-Nov-2017 06:16:02.667 信息 [main] org.apache.catalina.startup.VersionLoggerListener.log Architecture:          amd64
19-Nov-2017 06:16:02.667 信息 [main] org.apache.catalina.startup.VersionLoggerListener.log Java Home:             /home/opt/jdk8/jdk1.8.0_151/jre
19-Nov-2017 06:16:02.668 信息 [main] org.apache.catalina.startup.VersionLoggerListener.log JVM Version:           1.8.0_151-b12
19-Nov-2017 06:16:02.668 信息 [main] org.apache.catalina.startup.VersionLoggerListener.log JVM Vendor:            Oracle Corporation
19-Nov-2017 06:16:02.668 信息 [main] org.apache.catalina.startup.VersionLoggerListener.log CATALINA_BASE:         /home/opt/tomcat-instance/tomcat_8083
19-Nov-2017 06:16:02.669 信息 [main] org.apache.catalina.startup.VersionLoggerListener.log CATALINA_HOME:         /home/tools/apache-tomcat-8.0.39
19-Nov-2017 06:16:02.673 信息 [main] org.apache.catalina.startup.VersionLoggerListener.log Command line argument: -Djava.util.logging.config.file=/home/opt/tomcat-instance/tomcat_8083/conf/logging.properties
19-Nov-2017 06:16:02.673 信息 [main] org.apache.catalina.startup.VersionLoggerListener.log Command line argument: -Djava.util.logging.manager=org.apache.juli.ClassLoaderLogManager
19-Nov-2017 06:16:02.674 信息 [main] org.apache.catalina.startup.VersionLoggerListener.log Command line argument: -Djdk.tls.ephemeralDHKeySize=2048
19-Nov-2017 06:16:02.675 信息 [main] org.apache.catalina.startup.VersionLoggerListener.log Command line argument: -Djava.protocol.handler.pkgs=org.apache.catalina.webresources
19-Nov-2017 06:16:02.675 信息 [main] org.apache.catalina.startup.VersionLoggerListener.log Command line argument: -Djava.endorsed.dirs=/home/tools/apache-tomcat-8.0.39/endorsed
19-Nov-2017 06:16:02.675 信息 [main] org.apache.catalina.startup.VersionLoggerListener.log Command line argument: -Dcatalina.base=/home/opt/tomcat-instance/tomcat_8083
19-Nov-2017 06:16:02.676 信息 [main] org.apache.catalina.startup.VersionLoggerListener.log Command line argument: -Dcatalina.home=/home/tools/apache-tomcat-8.0.39
19-Nov-2017 06:16:02.676 信息 [main] org.apache.catalina.startup.VersionLoggerListener.log Command line argument: -Djava.io.tmpdir=/home/opt/tomcat-instance/tomcat_8083/temp
19-Nov-2017 06:16:02.676 信息 [main] org.apache.catalina.core.AprLifecycleListener.lifecycleEvent The APR based Apache Tomcat Native library which allows optimal performance in production environments was not found on the java.library.path: /usr/java/packages/lib/amd64:/usr/lib64:/lib64:/lib:/usr/lib
19-Nov-2017 06:16:03.127 信息 [main] org.apache.coyote.AbstractProtocol.init Initializing ProtocolHandler ["http-nio-8081"]
19-Nov-2017 06:16:03.168 严重 [main] org.apache.coyote.AbstractProtocol.init Failed to initialize end point associated with ProtocolHandler ["http-nio-8081"]
 java.net.BindException: 地址已在使用
	at sun.nio.ch.Net.bind0(Native Method)
	at sun.nio.ch.Net.bind(Net.java:433)
	at sun.nio.ch.Net.bind(Net.java:425)
	at sun.nio.ch.ServerSocketChannelImpl.bind(ServerSocketChannelImpl.java:223)
	at sun.nio.ch.ServerSocketAdaptor.bind(ServerSocketAdaptor.java:74)
	at org.apache.tomcat.util.net.NioEndpoint.bind(NioEndpoint.java:351)
	at org.apache.tomcat.util.net.AbstractEndpoint.init(AbstractEndpoint.java:760)
	at org.apache.coyote.AbstractProtocol.init(AbstractProtocol.java:476)
	at org.apache.coyote.http11.AbstractHttp11JsseProtocol.init(AbstractHttp11JsseProtocol.java:120)
	at org.apache.catalina.connector.Connector.initInternal(Connector.java:960)
	at org.apache.catalina.util.LifecycleBase.init(LifecycleBase.java:102)
	at org.apache.catalina.core.StandardService.initInternal(StandardService.java:568)
	at org.apache.catalina.util.LifecycleBase.init(LifecycleBase.java:102)
	at org.apache.catalina.core.StandardServer.initInternal(StandardServer.java:871)
	at org.apache.catalina.util.LifecycleBase.init(LifecycleBase.java:102)
	at org.apache.catalina.startup.Catalina.load(Catalina.java:580)
	at org.apache.catalina.startup.Catalina.load(Catalina.java:603)
	at sun.reflect.NativeMethodAccessorImpl.invoke0(Native Method)
	at sun.reflect.NativeMethodAccessorImpl.invoke(NativeMethodAccessorImpl.java:62)
	at sun.reflect.DelegatingMethodAccessorImpl.invoke(DelegatingMethodAccessorImpl.java:43)
	at java.lang.reflect.Method.invoke(Method.java:498)
	at org.apache.catalina.startup.Bootstrap.load(Bootstrap.java:310)
	at org.apache.catalina.startup.Bootstrap.main(Bootstrap.java:484)

19-Nov-2017 06:16:03.171 严重 [main] org.apache.catalina.core.StandardService.initInternal Failed to initialize connector [Connector[HTTP/1.1-8081]]
 org.apache.catalina.LifecycleException: Failed to initialize component [Connector[HTTP/1.1-8081]]
	at org.apache.catalina.util.LifecycleBase.init(LifecycleBase.java:107)
	at org.apache.catalina.core.StandardService.initInternal(StandardService.java:568)
	at org.apache.catalina.util.LifecycleBase.init(LifecycleBase.java:102)
	at org.apache.catalina.core.StandardServer.initInternal(StandardServer.java:871)
	at org.apache.catalina.util.LifecycleBase.init(LifecycleBase.java:102)
	at org.apache.catalina.startup.Catalina.load(Catalina.java:580)
	at org.apache.catalina.startup.Catalina.load(Catalina.java:603)
	at sun.reflect.NativeMethodAccessorImpl.invoke0(Native Method)
	at sun.reflect.NativeMethodAccessorImpl.invoke(NativeMethodAccessorImpl.java:62)
	at sun.reflect.DelegatingMethodAccessorImpl.invoke(DelegatingMethodAccessorImpl.java:43)
	at java.lang.reflect.Method.invoke(Method.java:498)
	at org.apache.catalina.startup.Bootstrap.load(Bootstrap.java:310)
	at org.apache.catalina.startup.Bootstrap.main(Bootstrap.java:484)
Caused by: org.apache.catalina.LifecycleException: Protocol handler initialization failed
	at org.apache.catalina.connector.Connector.initInternal(Connector.java:962)
	at org.apache.catalina.util.LifecycleBase.init(LifecycleBase.java:102)
	... 12 more
Caused by: java.net.BindException: 地址已在使用
	at sun.nio.ch.Net.bind0(Native Method)
	at sun.nio.ch.Net.bind(Net.java:433)
	at sun.nio.ch.Net.bind(Net.java:425)
	at sun.nio.ch.ServerSocketChannelImpl.bind(ServerSocketChannelImpl.java:223)
	at sun.nio.ch.ServerSocketAdaptor.bind(ServerSocketAdaptor.java:74)
	at org.apache.tomcat.util.net.NioEndpoint.bind(NioEndpoint.java:351)
	at org.apache.tomcat.util.net.AbstractEndpoint.init(AbstractEndpoint.java:760)
	at org.apache.coyote.AbstractProtocol.init(AbstractProtocol.java:476)
	at org.apache.coyote.http11.AbstractHttp11JsseProtocol.init(AbstractHttp11JsseProtocol.java:120)
	at org.apache.catalina.connector.Connector.initInternal(Connector.java:960)
	... 13 more

19-Nov-2017 06:16:03.173 信息 [main] org.apache.catalina.startup.Catalina.load Initialization processed in 1771 ms
19-Nov-2017 06:16:03.242 信息 [main] org.apache.catalina.core.StandardService.startInternal Starting service Catalina
19-Nov-2017 06:16:03.243 信息 [main] org.apache.catalina.core.StandardEngine.startInternal Starting Servlet Engine: Apache Tomcat/8.0.39
19-Nov-2017 06:16:04.210 信息 [main] org.apache.catalina.startup.Catalina.start Server startup in 1036 ms
19-Nov-2017 06:17:50.415 警告 [main] org.apache.tomcat.util.digester.SetPropertiesRule.begin [SetPropertiesRule]{Server/Service/Engine/Host/Context} Setting property 'debug' to '0' did not find a matching property.
19-Nov-2017 06:17:50.479 信息 [main] org.apache.catalina.startup.VersionLoggerListener.log Server version:        Apache Tomcat/8.0.39
19-Nov-2017 06:17:50.482 信息 [main] org.apache.catalina.startup.VersionLoggerListener.log Server built:          Nov 9 2016 08:48:39 UTC
19-Nov-2017 06:17:50.483 信息 [main] org.apache.catalina.startup.VersionLoggerListener.log Server number:         8.0.39.0
19-Nov-2017 06:17:50.483 信息 [main] org.apache.catalina.startup.VersionLoggerListener.log OS Name:               Linux
19-Nov-2017 06:17:50.483 信息 [main] org.apache.catalina.startup.VersionLoggerListener.log OS Version:            2.6.32-431.el6.x86_64
19-Nov-2017 06:17:50.484 信息 [main] org.apache.catalina.startup.VersionLoggerListener.log Architecture:          amd64
19-Nov-2017 06:17:50.484 信息 [main] org.apache.catalina.startup.VersionLoggerListener.log Java Home:             /home/opt/jdk8/jdk1.8.0_151/jre
19-Nov-2017 06:17:50.484 信息 [main] org.apache.catalina.startup.VersionLoggerListener.log JVM Version:           1.8.0_151-b12
19-Nov-2017 06:17:50.485 信息 [main] org.apache.catalina.startup.VersionLoggerListener.log JVM Vendor:            Oracle Corporation
19-Nov-2017 06:17:50.487 信息 [main] org.apache.catalina.startup.VersionLoggerListener.log CATALINA_BASE:         /home/opt/tomcat-instance/tomcat_8083
19-Nov-2017 06:17:50.488 信息 [main] org.apache.catalina.startup.VersionLoggerListener.log CATALINA_HOME:         /home/tools/apache-tomcat-8.0.39
19-Nov-2017 06:17:50.489 信息 [main] org.apache.catalina.startup.VersionLoggerListener.log Command line argument: -Djava.util.logging.config.file=/home/opt/tomcat-instance/tomcat_8083/conf/logging.properties
19-Nov-2017 06:17:50.489 信息 [main] org.apache.catalina.startup.VersionLoggerListener.log Command line argument: -Djava.util.logging.manager=org.apache.juli.ClassLoaderLogManager
19-Nov-2017 06:17:50.493 信息 [main] org.apache.catalina.startup.VersionLoggerListener.log Command line argument: -Djdk.tls.ephemeralDHKeySize=2048
19-Nov-2017 06:17:50.494 信息 [main] org.apache.catalina.startup.VersionLoggerListener.log Command line argument: -Djava.protocol.handler.pkgs=org.apache.catalina.webresources
19-Nov-2017 06:17:50.494 信息 [main] org.apache.catalina.startup.VersionLoggerListener.log Command line argument: -Djava.endorsed.dirs=/home/tools/apache-tomcat-8.0.39/endorsed
19-Nov-2017 06:17:50.494 信息 [main] org.apache.catalina.startup.VersionLoggerListener.log Command line argument: -Dcatalina.base=/home/opt/tomcat-instance/tomcat_8083
19-Nov-2017 06:17:50.495 信息 [main] org.apache.catalina.startup.VersionLoggerListener.log Command line argument: -Dcatalina.home=/home/tools/apache-tomcat-8.0.39
19-Nov-2017 06:17:50.495 信息 [main] org.apache.catalina.startup.VersionLoggerListener.log Command line argument: -Djava.io.tmpdir=/home/opt/tomcat-instance/tomcat_8083/temp
19-Nov-2017 06:17:50.496 信息 [main] org.apache.catalina.core.AprLifecycleListener.lifecycleEvent The APR based Apache Tomcat Native library which allows optimal performance in production environments was not found on the java.library.path: /usr/java/packages/lib/amd64:/usr/lib64:/lib64:/lib:/usr/lib
19-Nov-2017 06:17:50.990 信息 [main] org.apache.coyote.AbstractProtocol.init Initializing ProtocolHandler ["http-nio-8083"]
19-Nov-2017 06:17:51.030 信息 [main] org.apache.tomcat.util.net.NioSelectorPool.getSharedSelector Using a shared selector for servlet write/read
19-Nov-2017 06:17:51.033 信息 [main] org.apache.catalina.startup.Catalina.load Initialization processed in 1769 ms
19-Nov-2017 06:17:51.117 信息 [main] org.apache.catalina.core.StandardService.startInternal Starting service Catalina
19-Nov-2017 06:17:51.117 信息 [main] org.apache.catalina.core.StandardEngine.startInternal Starting Servlet Engine: Apache Tomcat/8.0.39
19-Nov-2017 06:17:52.103 信息 [main] org.apache.coyote.AbstractProtocol.start Starting ProtocolHandler ["http-nio-8083"]
19-Nov-2017 06:17:52.118 信息 [main] org.apache.catalina.startup.Catalina.start Server startup in 1085 ms
19-Nov-2017 06:17:52.121 严重 [main] org.apache.catalina.core.StandardServer.await StandardServer.await: create[localhost:3005]: 
 java.net.BindException: 地址已在使用 (Bind failed)
	at java.net.PlainSocketImpl.socketBind(Native Method)
	at java.net.AbstractPlainSocketImpl.bind(AbstractPlainSocketImpl.java:387)
	at java.net.ServerSocket.bind(ServerSocket.java:375)
	at java.net.ServerSocket.<init>(ServerSocket.java:237)
	at org.apache.catalina.core.StandardServer.await(StandardServer.java:438)
	at org.apache.catalina.startup.Catalina.await(Catalina.java:717)
	at org.apache.catalina.startup.Catalina.start(Catalina.java:663)
	at sun.reflect.NativeMethodAccessorImpl.invoke0(Native Method)
	at sun.reflect.NativeMethodAccessorImpl.invoke(NativeMethodAccessorImpl.java:62)
	at sun.reflect.DelegatingMethodAccessorImpl.invoke(DelegatingMethodAccessorImpl.java:43)
	at java.lang.reflect.Method.invoke(Method.java:498)
	at org.apache.catalina.startup.Bootstrap.start(Bootstrap.java:351)
	at org.apache.catalina.startup.Bootstrap.main(Bootstrap.java:485)

19-Nov-2017 06:17:52.123 信息 [main] org.apache.coyote.AbstractProtocol.pause Pausing ProtocolHandler ["http-nio-8083"]
19-Nov-2017 06:17:52.136 信息 [main] org.apache.catalina.core.StandardService.stopInternal Stopping service Catalina
19-Nov-2017 06:17:52.169 信息 [main] org.apache.coyote.AbstractProtocol.stop Stopping ProtocolHandler ["http-nio-8083"]
19-Nov-2017 06:17:52.170 信息 [main] org.apache.coyote.AbstractProtocol.destroy Destroying ProtocolHandler ["http-nio-8083"]
19-Nov-2017 06:20:31.929 警告 [main] org.apache.tomcat.util.digester.SetPropertiesRule.begin [SetPropertiesRule]{Server/Service/Engine/Host/Context} Setting property 'debug' to '0' did not find a matching property.
19-Nov-2017 06:20:32.000 信息 [main] org.apache.catalina.startup.VersionLoggerListener.log Server version:        Apache Tomcat/8.0.39
19-Nov-2017 06:20:32.004 信息 [main] org.apache.catalina.startup.VersionLoggerListener.log Server built:          Nov 9 2016 08:48:39 UTC
19-Nov-2017 06:20:32.004 信息 [main] org.apache.catalina.startup.VersionLoggerListener.log Server number:         8.0.39.0
19-Nov-2017 06:20:32.005 信息 [main] org.apache.catalina.startup.VersionLoggerListener.log OS Name:               Linux
19-Nov-2017 06:20:32.005 信息 [main] org.apache.catalina.startup.VersionLoggerListener.log OS Version:            2.6.32-431.el6.x86_64
19-Nov-2017 06:20:32.005 信息 [main] org.apache.catalina.startup.VersionLoggerListener.log Architecture:          amd64
19-Nov-2017 06:20:32.006 信息 [main] org.apache.catalina.startup.VersionLoggerListener.log Java Home:             /home/opt/jdk8/jdk1.8.0_151/jre
19-Nov-2017 06:20:32.006 信息 [main] org.apache.catalina.startup.VersionLoggerListener.log JVM Version:           1.8.0_151-b12
19-Nov-2017 06:20:32.006 信息 [main] org.apache.catalina.startup.VersionLoggerListener.log JVM Vendor:            Oracle Corporation
19-Nov-2017 06:20:32.007 信息 [main] org.apache.catalina.startup.VersionLoggerListener.log CATALINA_BASE:         /home/opt/tomcat-instance/tomcat_8083
19-Nov-2017 06:20:32.007 信息 [main] org.apache.catalina.startup.VersionLoggerListener.log CATALINA_HOME:         /home/tools/apache-tomcat-8.0.39
19-Nov-2017 06:20:32.008 信息 [main] org.apache.catalina.startup.VersionLoggerListener.log Command line argument: -Djava.util.logging.config.file=/home/opt/tomcat-instance/tomcat_8083/conf/logging.properties
19-Nov-2017 06:20:32.008 信息 [main] org.apache.catalina.startup.VersionLoggerListener.log Command line argument: -Djava.util.logging.manager=org.apache.juli.ClassLoaderLogManager
19-Nov-2017 06:20:32.009 信息 [main] org.apache.catalina.startup.VersionLoggerListener.log Command line argument: -Djdk.tls.ephemeralDHKeySize=2048
19-Nov-2017 06:20:32.009 信息 [main] org.apache.catalina.startup.VersionLoggerListener.log Command line argument: -Djava.protocol.handler.pkgs=org.apache.catalina.webresources
19-Nov-2017 06:20:32.013 信息 [main] org.apache.catalina.startup.VersionLoggerListener.log Command line argument: -Djava.endorsed.dirs=/home/tools/apache-tomcat-8.0.39/endorsed
19-Nov-2017 06:20:32.013 信息 [main] org.apache.catalina.startup.VersionLoggerListener.log Command line argument: -Dcatalina.base=/home/opt/tomcat-instance/tomcat_8083
19-Nov-2017 06:20:32.014 信息 [main] org.apache.catalina.startup.VersionLoggerListener.log Command line argument: -Dcatalina.home=/home/tools/apache-tomcat-8.0.39
19-Nov-2017 06:20:32.014 信息 [main] org.apache.catalina.startup.VersionLoggerListener.log Command line argument: -Djava.io.tmpdir=/home/opt/tomcat-instance/tomcat_8083/temp
19-Nov-2017 06:20:32.014 信息 [main] org.apache.catalina.core.AprLifecycleListener.lifecycleEvent The APR based Apache Tomcat Native library which allows optimal performance in production environments was not found on the java.library.path: /usr/java/packages/lib/amd64:/usr/lib64:/lib64:/lib:/usr/lib
19-Nov-2017 06:20:32.440 信息 [main] org.apache.coyote.AbstractProtocol.init Initializing ProtocolHandler ["http-nio-8083"]
19-Nov-2017 06:20:32.510 信息 [main] org.apache.tomcat.util.net.NioSelectorPool.getSharedSelector Using a shared selector for servlet write/read
19-Nov-2017 06:20:32.517 信息 [main] org.apache.catalina.startup.Catalina.load Initialization processed in 1701 ms
19-Nov-2017 06:20:32.589 信息 [main] org.apache.catalina.core.StandardService.startInternal Starting service Catalina
19-Nov-2017 06:20:32.593 信息 [main] org.apache.catalina.core.StandardEngine.startInternal Starting Servlet Engine: Apache Tomcat/8.0.39
19-Nov-2017 06:20:33.621 信息 [main] org.apache.coyote.AbstractProtocol.start Starting ProtocolHandler ["http-nio-8083"]
19-Nov-2017 06:20:33.635 信息 [main] org.apache.catalina.startup.Catalina.start Server startup in 1116 ms
19-Nov-2017 06:20:33.637 严重 [main] org.apache.catalina.core.StandardServer.await StandardServer.await: create[localhost:3005]: 
 java.net.BindException: 地址已在使用 (Bind failed)
	at java.net.PlainSocketImpl.socketBind(Native Method)
	at java.net.AbstractPlainSocketImpl.bind(AbstractPlainSocketImpl.java:387)
	at java.net.ServerSocket.bind(ServerSocket.java:375)
	at java.net.ServerSocket.<init>(ServerSocket.java:237)
	at org.apache.catalina.core.StandardServer.await(StandardServer.java:438)
	at org.apache.catalina.startup.Catalina.await(Catalina.java:717)
	at org.apache.catalina.startup.Catalina.start(Catalina.java:663)
	at sun.reflect.NativeMethodAccessorImpl.invoke0(Native Method)
	at sun.reflect.NativeMethodAccessorImpl.invoke(NativeMethodAccessorImpl.java:62)
	at sun.reflect.DelegatingMethodAccessorImpl.invoke(DelegatingMethodAccessorImpl.java:43)
	at java.lang.reflect.Method.invoke(Method.java:498)
	at org.apache.catalina.startup.Bootstrap.start(Bootstrap.java:351)
	at org.apache.catalina.startup.Bootstrap.main(Bootstrap.java:485)

19-Nov-2017 06:20:33.639 信息 [main] org.apache.coyote.AbstractProtocol.pause Pausing ProtocolHandler ["http-nio-8083"]
19-Nov-2017 06:20:33.655 信息 [main] org.apache.catalina.core.StandardService.stopInternal Stopping service Catalina
19-Nov-2017 06:20:33.692 信息 [main] org.apache.coyote.AbstractProtocol.stop Stopping ProtocolHandler ["http-nio-8083"]
19-Nov-2017 06:20:33.694 信息 [main] org.apache.coyote.AbstractProtocol.destroy Destroying ProtocolHandler ["http-nio-8083"]
19-Nov-2017 06:21:27.917 警告 [main] org.apache.tomcat.util.digester.SetPropertiesRule.begin [SetPropertiesRule]{Server/Service/Engine/Host/Context} Setting property 'debug' to '0' did not find a matching property.
19-Nov-2017 06:21:27.975 信息 [main] org.apache.catalina.startup.VersionLoggerListener.log Server version:        Apache Tomcat/8.0.39
19-Nov-2017 06:21:27.975 信息 [main] org.apache.catalina.startup.VersionLoggerListener.log Server built:          Nov 9 2016 08:48:39 UTC
19-Nov-2017 06:21:27.976 信息 [main] org.apache.catalina.startup.VersionLoggerListener.log Server number:         8.0.39.0
19-Nov-2017 06:21:27.976 信息 [main] org.apache.catalina.startup.VersionLoggerListener.log OS Name:               Linux
19-Nov-2017 06:21:27.976 信息 [main] org.apache.catalina.startup.VersionLoggerListener.log OS Version:            2.6.32-431.el6.x86_64
19-Nov-2017 06:21:27.977 信息 [main] org.apache.catalina.startup.VersionLoggerListener.log Architecture:          amd64
19-Nov-2017 06:21:27.978 信息 [main] org.apache.catalina.startup.VersionLoggerListener.log Java Home:             /home/opt/jdk8/jdk1.8.0_151/jre
19-Nov-2017 06:21:27.978 信息 [main] org.apache.catalina.startup.VersionLoggerListener.log JVM Version:           1.8.0_151-b12
19-Nov-2017 06:21:27.979 信息 [main] org.apache.catalina.startup.VersionLoggerListener.log JVM Vendor:            Oracle Corporation
19-Nov-2017 06:21:27.979 信息 [main] org.apache.catalina.startup.VersionLoggerListener.log CATALINA_BASE:         /home/opt/tomcat-instance/tomcat_8083
19-Nov-2017 06:21:27.980 信息 [main] org.apache.catalina.startup.VersionLoggerListener.log CATALINA_HOME:         /home/tools/apache-tomcat-8.0.39
19-Nov-2017 06:21:27.980 信息 [main] org.apache.catalina.startup.VersionLoggerListener.log Command line argument: -Djava.util.logging.config.file=/home/opt/tomcat-instance/tomcat_8083/conf/logging.properties
19-Nov-2017 06:21:27.981 信息 [main] org.apache.catalina.startup.VersionLoggerListener.log Command line argument: -Djava.util.logging.manager=org.apache.juli.ClassLoaderLogManager
19-Nov-2017 06:21:27.981 信息 [main] org.apache.catalina.startup.VersionLoggerListener.log Command line argument: -Djdk.tls.ephemeralDHKeySize=2048
19-Nov-2017 06:21:27.981 信息 [main] org.apache.catalina.startup.VersionLoggerListener.log Command line argument: -Djava.protocol.handler.pkgs=org.apache.catalina.webresources
19-Nov-2017 06:21:27.982 信息 [main] org.apache.catalina.startup.VersionLoggerListener.log Command line argument: -Djava.endorsed.dirs=/home/tools/apache-tomcat-8.0.39/endorsed
19-Nov-2017 06:21:27.982 信息 [main] org.apache.catalina.startup.VersionLoggerListener.log Command line argument: -Dcatalina.base=/home/opt/tomcat-instance/tomcat_8083
19-Nov-2017 06:21:27.982 信息 [main] org.apache.catalina.startup.VersionLoggerListener.log Command line argument: -Dcatalina.home=/home/tools/apache-tomcat-8.0.39
19-Nov-2017 06:21:27.983 信息 [main] org.apache.catalina.startup.VersionLoggerListener.log Command line argument: -Djava.io.tmpdir=/home/opt/tomcat-instance/tomcat_8083/temp
19-Nov-2017 06:21:27.983 信息 [main] org.apache.catalina.core.AprLifecycleListener.lifecycleEvent The APR based Apache Tomcat Native library which allows optimal performance in production environments was not found on the java.library.path: /usr/java/packages/lib/amd64:/usr/lib64:/lib64:/lib:/usr/lib
19-Nov-2017 06:21:28.381 信息 [main] org.apache.coyote.AbstractProtocol.init Initializing ProtocolHandler ["http-nio-8083"]
19-Nov-2017 06:21:28.434 信息 [main] org.apache.tomcat.util.net.NioSelectorPool.getSharedSelector Using a shared selector for servlet write/read
19-Nov-2017 06:21:28.436 信息 [main] org.apache.catalina.startup.Catalina.load Initialization processed in 1666 ms
19-Nov-2017 06:21:28.520 信息 [main] org.apache.catalina.core.StandardService.startInternal Starting service Catalina
19-Nov-2017 06:21:28.520 信息 [main] org.apache.catalina.core.StandardEngine.startInternal Starting Servlet Engine: Apache Tomcat/8.0.39
19-Nov-2017 06:21:29.474 信息 [main] org.apache.coyote.AbstractProtocol.start Starting ProtocolHandler ["http-nio-8083"]
19-Nov-2017 06:21:29.488 信息 [main] org.apache.catalina.startup.Catalina.start Server startup in 1051 ms
19-Nov-2017 06:21:29.490 严重 [main] org.apache.catalina.core.StandardServer.await StandardServer.await: create[localhost:3005]: 
 java.net.BindException: 地址已在使用 (Bind failed)
	at java.net.PlainSocketImpl.socketBind(Native Method)
	at java.net.AbstractPlainSocketImpl.bind(AbstractPlainSocketImpl.java:387)
	at java.net.ServerSocket.bind(ServerSocket.java:375)
	at java.net.ServerSocket.<init>(ServerSocket.java:237)
	at org.apache.catalina.core.StandardServer.await(StandardServer.java:438)
	at org.apache.catalina.startup.Catalina.await(Catalina.java:717)
	at org.apache.catalina.startup.Catalina.start(Catalina.java:663)
	at sun.reflect.NativeMethodAccessorImpl.invoke0(Native Method)
	at sun.reflect.NativeMethodAccessorImpl.invoke(NativeMethodAccessorImpl.java:62)
	at sun.reflect.DelegatingMethodAccessorImpl.invoke(DelegatingMethodAccessorImpl.java:43)
	at java.lang.reflect.Method.invoke(Method.java:498)
	at org.apache.catalina.startup.Bootstrap.start(Bootstrap.java:351)
	at org.apache.catalina.startup.Bootstrap.main(Bootstrap.java:485)

19-Nov-2017 06:21:29.498 信息 [main] org.apache.coyote.AbstractProtocol.pause Pausing ProtocolHandler ["http-nio-8083"]
19-Nov-2017 06:21:29.511 信息 [main] org.apache.catalina.core.StandardService.stopInternal Stopping service Catalina
19-Nov-2017 06:21:29.547 信息 [main] org.apache.coyote.AbstractProtocol.stop Stopping ProtocolHandler ["http-nio-8083"]
19-Nov-2017 06:21:29.548 信息 [main] org.apache.coyote.AbstractProtocol.destroy Destroying ProtocolHandler ["http-nio-8083"]
19-Nov-2017 06:22:33.235 信息 [main] org.apache.catalina.core.StandardServer.await A valid shutdown command was received via the shutdown port. Stopping the Server instance.
19-Nov-2017 06:22:33.236 信息 [main] org.apache.coyote.AbstractProtocol.pause Pausing ProtocolHandler ["http-nio-8081"]
19-Nov-2017 06:22:33.242 信息 [main] org.apache.catalina.core.StandardService.stopInternal Stopping service Catalina
19-Nov-2017 06:22:33.295 信息 [main] org.apache.coyote.AbstractProtocol.stop Stopping ProtocolHandler ["http-nio-8081"]
19-Nov-2017 06:22:33.295 信息 [main] org.apache.coyote.AbstractProtocol.destroy Destroying ProtocolHandler ["http-nio-8081"]
19-Nov-2017 06:22:34.828 警告 [main] org.apache.tomcat.util.digester.SetPropertiesRule.begin [SetPropertiesRule]{Server/Service/Engine/Host/Context} Setting property 'debug' to '0' did not find a matching property.
19-Nov-2017 06:22:34.906 信息 [main] org.apache.catalina.startup.VersionLoggerListener.log Server version:        Apache Tomcat/8.0.39
19-Nov-2017 06:22:34.910 信息 [main] org.apache.catalina.startup.VersionLoggerListener.log Server built:          Nov 9 2016 08:48:39 UTC
19-Nov-2017 06:22:34.910 信息 [main] org.apache.catalina.startup.VersionLoggerListener.log Server number:         8.0.39.0
19-Nov-2017 06:22:34.910 信息 [main] org.apache.catalina.startup.VersionLoggerListener.log OS Name:               Linux
19-Nov-2017 06:22:34.911 信息 [main] org.apache.catalina.startup.VersionLoggerListener.log OS Version:            2.6.32-431.el6.x86_64
19-Nov-2017 06:22:34.911 信息 [main] org.apache.catalina.startup.VersionLoggerListener.log Architecture:          amd64
19-Nov-2017 06:22:34.911 信息 [main] org.apache.catalina.startup.VersionLoggerListener.log Java Home:             /home/opt/jdk8/jdk1.8.0_151/jre
19-Nov-2017 06:22:34.912 信息 [main] org.apache.catalina.startup.VersionLoggerListener.log JVM Version:           1.8.0_151-b12
19-Nov-2017 06:22:34.912 信息 [main] org.apache.catalina.startup.VersionLoggerListener.log JVM Vendor:            Oracle Corporation
19-Nov-2017 06:22:34.912 信息 [main] org.apache.catalina.startup.VersionLoggerListener.log CATALINA_BASE:         /home/opt/tomcat-instance/tomcat_8083
19-Nov-2017 06:22:34.913 信息 [main] org.apache.catalina.startup.VersionLoggerListener.log CATALINA_HOME:         /home/tools/apache-tomcat-8.0.39
19-Nov-2017 06:22:34.914 信息 [main] org.apache.catalina.startup.VersionLoggerListener.log Command line argument: -Djava.util.logging.config.file=/home/opt/tomcat-instance/tomcat_8083/conf/logging.properties
19-Nov-2017 06:22:34.914 信息 [main] org.apache.catalina.startup.VersionLoggerListener.log Command line argument: -Djava.util.logging.manager=org.apache.juli.ClassLoaderLogManager
19-Nov-2017 06:22:34.914 信息 [main] org.apache.catalina.startup.VersionLoggerListener.log Command line argument: -Djdk.tls.ephemeralDHKeySize=2048
19-Nov-2017 06:22:34.915 信息 [main] org.apache.catalina.startup.VersionLoggerListener.log Command line argument: -Djava.protocol.handler.pkgs=org.apache.catalina.webresources
19-Nov-2017 06:22:34.915 信息 [main] org.apache.catalina.startup.VersionLoggerListener.log Command line argument: -Djava.endorsed.dirs=/home/tools/apache-tomcat-8.0.39/endorsed
19-Nov-2017 06:22:34.915 信息 [main] org.apache.catalina.startup.VersionLoggerListener.log Command line argument: -Dcatalina.base=/home/opt/tomcat-instance/tomcat_8083
19-Nov-2017 06:22:34.916 信息 [main] org.apache.catalina.startup.VersionLoggerListener.log Command line argument: -Dcatalina.home=/home/tools/apache-tomcat-8.0.39
19-Nov-2017 06:22:34.916 信息 [main] org.apache.catalina.startup.VersionLoggerListener.log Command line argument: -Djava.io.tmpdir=/home/opt/tomcat-instance/tomcat_8083/temp
19-Nov-2017 06:22:34.916 信息 [main] org.apache.catalina.core.AprLifecycleListener.lifecycleEvent The APR based Apache Tomcat Native library which allows optimal performance in production environments was not found on the java.library.path: /usr/java/packages/lib/amd64:/usr/lib64:/lib64:/lib:/usr/lib
19-Nov-2017 06:22:35.336 信息 [main] org.apache.coyote.AbstractProtocol.init Initializing ProtocolHandler ["http-nio-8083"]
19-Nov-2017 06:22:35.392 信息 [main] org.apache.tomcat.util.net.NioSelectorPool.getSharedSelector Using a shared selector for servlet write/read
19-Nov-2017 06:22:35.400 信息 [main] org.apache.catalina.startup.Catalina.load Initialization processed in 1789 ms
19-Nov-2017 06:22:35.480 信息 [main] org.apache.catalina.core.StandardService.startInternal Starting service Catalina
19-Nov-2017 06:22:35.481 信息 [main] org.apache.catalina.core.StandardEngine.startInternal Starting Servlet Engine: Apache Tomcat/8.0.39
19-Nov-2017 06:22:36.483 信息 [main] org.apache.coyote.AbstractProtocol.start Starting ProtocolHandler ["http-nio-8083"]
19-Nov-2017 06:22:36.507 信息 [main] org.apache.catalina.startup.Catalina.start Server startup in 1106 ms
