19-Nov-2017 06:21:27.917 警告 [main] org.apache.tomcat.util.digester.SetPropertiesRule.begin [SetPropertiesRule]{Server/Service/Engine/Host/Context} Setting property 'debug' to '0' did not find a matching property.
19-Nov-2017 06:21:27.975 信息 [main] org.apache.catalina.startup.VersionLoggerListener.log Server version:        Apache Tomcat/8.0.39
19-Nov-2017 06:21:27.975 信息 [main] org.apache.catalina.startup.VersionLoggerListener.log Server built:          Nov 9 2016 08:48:39 UTC
19-Nov-2017 06:21:27.976 信息 [main] org.apache.catalina.startup.VersionLoggerListener.log Server number:         8.0.39.0
19-Nov-2017 06:21:27.976 信息 [main] org.apache.catalina.startup.VersionLoggerListener.log OS Name:               Linux
19-Nov-2017 06:21:27.976 信息 [main] org.apache.catalina.startup.VersionLoggerListener.log OS Version:            2.6.32-431.el6.x86_64
19-Nov-2017 06:21:27.977 信息 [main] org.apache.catalina.startup.VersionLoggerListener.log Architecture:          amd64
19-Nov-2017 06:21:27.978 信息 [main] org.apache.catalina.startup.VersionLoggerListener.log Java Home:             /home/opt/jdk8/jdk1.8.0_151/jre
19-Nov-2017 06:21:27.978 信息 [main] org.apache.catalina.startup.VersionLoggerListener.log JVM Version:           1.8.0_151-b12
19-Nov-2017 06:21:27.979 信息 [main] org.apache.catalina.startup.VersionLoggerListener.log JVM Vendor:            Oracle Corporation
19-Nov-2017 06:21:27.979 信息 [main] org.apache.catalina.startup.VersionLoggerListener.log CATALINA_BASE:         /home/opt/tomcat-instance/tomcat_8083
19-Nov-2017 06:21:27.980 信息 [main] org.apache.catalina.startup.VersionLoggerListener.log CATALINA_HOME:         /home/tools/apache-tomcat-8.0.39
19-Nov-2017 06:21:27.980 信息 [main] org.apache.catalina.startup.VersionLoggerListener.log Command line argument: -Djava.util.logging.config.file=/home/opt/tomcat-instance/tomcat_8083/conf/logging.properties
19-Nov-2017 06:21:27.981 信息 [main] org.apache.catalina.startup.VersionLoggerListener.log Command line argument: -Djava.util.logging.manager=org.apache.juli.ClassLoaderLogManager
19-Nov-2017 06:21:27.981 信息 [main] org.apache.catalina.startup.VersionLoggerListener.log Command line argument: -Djdk.tls.ephemeralDHKeySize=2048
19-Nov-2017 06:21:27.981 信息 [main] org.apache.catalina.startup.VersionLoggerListener.log Command line argument: -Djava.protocol.handler.pkgs=org.apache.catalina.webresources
19-Nov-2017 06:21:27.982 信息 [main] org.apache.catalina.startup.VersionLoggerListener.log Command line argument: -Djava.endorsed.dirs=/home/tools/apache-tomcat-8.0.39/endorsed
19-Nov-2017 06:21:27.982 信息 [main] org.apache.catalina.startup.VersionLoggerListener.log Command line argument: -Dcatalina.base=/home/opt/tomcat-instance/tomcat_8083
19-Nov-2017 06:21:27.982 信息 [main] org.apache.catalina.startup.VersionLoggerListener.log Command line argument: -Dcatalina.home=/home/tools/apache-tomcat-8.0.39
19-Nov-2017 06:21:27.983 信息 [main] org.apache.catalina.startup.VersionLoggerListener.log Command line argument: -Djava.io.tmpdir=/home/opt/tomcat-instance/tomcat_8083/temp
19-Nov-2017 06:21:27.983 信息 [main] org.apache.catalina.core.AprLifecycleListener.lifecycleEvent The APR based Apache Tomcat Native library which allows optimal performance in production environments was not found on the java.library.path: /usr/java/packages/lib/amd64:/usr/lib64:/lib64:/lib:/usr/lib
19-Nov-2017 06:21:28.381 信息 [main] org.apache.coyote.AbstractProtocol.init Initializing ProtocolHandler ["http-nio-8083"]
19-Nov-2017 06:21:28.434 信息 [main] org.apache.tomcat.util.net.NioSelectorPool.getSharedSelector Using a shared selector for servlet write/read
19-Nov-2017 06:21:28.436 信息 [main] org.apache.catalina.startup.Catalina.load Initialization processed in 1666 ms
19-Nov-2017 06:21:28.520 信息 [main] org.apache.catalina.core.StandardService.startInternal Starting service Catalina
19-Nov-2017 06:21:28.520 信息 [main] org.apache.catalina.core.StandardEngine.startInternal Starting Servlet Engine: Apache Tomcat/8.0.39
19-Nov-2017 06:21:29.474 信息 [main] org.apache.coyote.AbstractProtocol.start Starting ProtocolHandler ["http-nio-8083"]
19-Nov-2017 06:21:29.488 信息 [main] org.apache.catalina.startup.Catalina.start Server startup in 1051 ms
19-Nov-2017 06:21:29.490 严重 [main] org.apache.catalina.core.StandardServer.await StandardServer.await: create[localhost:3005]: 
 java.net.BindException: 地址已在使用 (Bind failed)
	at java.net.PlainSocketImpl.socketBind(Native Method)
	at java.net.AbstractPlainSocketImpl.bind(AbstractPlainSocketImpl.java:387)
	at java.net.ServerSocket.bind(ServerSocket.java:375)
	at java.net.ServerSocket.<init>(ServerSocket.java:237)
	at org.apache.catalina.core.StandardServer.await(StandardServer.java:438)
	at org.apache.catalina.startup.Catalina.await(Catalina.java:717)
	at org.apache.catalina.startup.Catalina.start(Catalina.java:663)
	at sun.reflect.NativeMethodAccessorImpl.invoke0(Native Method)
	at sun.reflect.NativeMethodAccessorImpl.invoke(NativeMethodAccessorImpl.java:62)
	at sun.reflect.DelegatingMethodAccessorImpl.invoke(DelegatingMethodAccessorImpl.java:43)
	at java.lang.reflect.Method.invoke(Method.java:498)
	at org.apache.catalina.startup.Bootstrap.start(Bootstrap.java:351)
	at org.apache.catalina.startup.Bootstrap.main(Bootstrap.java:485)

19-Nov-2017 06:21:29.498 信息 [main] org.apache.coyote.AbstractProtocol.pause Pausing ProtocolHandler ["http-nio-8083"]
19-Nov-2017 06:21:29.511 信息 [main] org.apache.catalina.core.StandardService.stopInternal Stopping service Catalina
19-Nov-2017 06:21:29.547 信息 [main] org.apache.coyote.AbstractProtocol.stop Stopping ProtocolHandler ["http-nio-8083"]
19-Nov-2017 06:21:29.548 信息 [main] org.apache.coyote.AbstractProtocol.destroy Destroying ProtocolHandler ["http-nio-8083"]
19-Nov-2017 06:22:33.235 信息 [main] org.apache.catalina.core.StandardServer.await A valid shutdown command was received via the shutdown port. Stopping the Server instance.
19-Nov-2017 06:22:33.236 信息 [main] org.apache.coyote.AbstractProtocol.pause Pausing ProtocolHandler ["http-nio-8081"]
19-Nov-2017 06:22:33.242 信息 [main] org.apache.catalina.core.StandardService.stopInternal Stopping service Catalina
19-Nov-2017 06:22:33.295 信息 [main] org.apache.coyote.AbstractProtocol.stop Stopping ProtocolHandler ["http-nio-8081"]
19-Nov-2017 06:22:33.295 信息 [main] org.apache.coyote.AbstractProtocol.destroy Destroying ProtocolHandler ["http-nio-8081"]
19-Nov-2017 06:22:34.828 警告 [main] org.apache.tomcat.util.digester.SetPropertiesRule.begin [SetPropertiesRule]{Server/Service/Engine/Host/Context} Setting property 'debug' to '0' did not find a matching property.
19-Nov-2017 06:22:34.906 信息 [main] org.apache.catalina.startup.VersionLoggerListener.log Server version:        Apache Tomcat/8.0.39
19-Nov-2017 06:22:34.910 信息 [main] org.apache.catalina.startup.VersionLoggerListener.log Server built:          Nov 9 2016 08:48:39 UTC
19-Nov-2017 06:22:34.910 信息 [main] org.apache.catalina.startup.VersionLoggerListener.log Server number:         8.0.39.0
19-Nov-2017 06:22:34.910 信息 [main] org.apache.catalina.startup.VersionLoggerListener.log OS Name:               Linux
19-Nov-2017 06:22:34.911 信息 [main] org.apache.catalina.startup.VersionLoggerListener.log OS Version:            2.6.32-431.el6.x86_64
19-Nov-2017 06:22:34.911 信息 [main] org.apache.catalina.startup.VersionLoggerListener.log Architecture:          amd64
19-Nov-2017 06:22:34.911 信息 [main] org.apache.catalina.startup.VersionLoggerListener.log Java Home:             /home/opt/jdk8/jdk1.8.0_151/jre
19-Nov-2017 06:22:34.912 信息 [main] org.apache.catalina.startup.VersionLoggerListener.log JVM Version:           1.8.0_151-b12
19-Nov-2017 06:22:34.912 信息 [main] org.apache.catalina.startup.VersionLoggerListener.log JVM Vendor:            Oracle Corporation
19-Nov-2017 06:22:34.912 信息 [main] org.apache.catalina.startup.VersionLoggerListener.log CATALINA_BASE:         /home/opt/tomcat-instance/tomcat_8083
19-Nov-2017 06:22:34.913 信息 [main] org.apache.catalina.startup.VersionLoggerListener.log CATALINA_HOME:         /home/tools/apache-tomcat-8.0.39
19-Nov-2017 06:22:34.914 信息 [main] org.apache.catalina.startup.VersionLoggerListener.log Command line argument: -Djava.util.logging.config.file=/home/opt/tomcat-instance/tomcat_8083/conf/logging.properties
19-Nov-2017 06:22:34.914 信息 [main] org.apache.catalina.startup.VersionLoggerListener.log Command line argument: -Djava.util.logging.manager=org.apache.juli.ClassLoaderLogManager
19-Nov-2017 06:22:34.914 信息 [main] org.apache.catalina.startup.VersionLoggerListener.log Command line argument: -Djdk.tls.ephemeralDHKeySize=2048
19-Nov-2017 06:22:34.915 信息 [main] org.apache.catalina.startup.VersionLoggerListener.log Command line argument: -Djava.protocol.handler.pkgs=org.apache.catalina.webresources
19-Nov-2017 06:22:34.915 信息 [main] org.apache.catalina.startup.VersionLoggerListener.log Command line argument: -Djava.endorsed.dirs=/home/tools/apache-tomcat-8.0.39/endorsed
19-Nov-2017 06:22:34.915 信息 [main] org.apache.catalina.startup.VersionLoggerListener.log Command line argument: -Dcatalina.base=/home/opt/tomcat-instance/tomcat_8083
19-Nov-2017 06:22:34.916 信息 [main] org.apache.catalina.startup.VersionLoggerListener.log Command line argument: -Dcatalina.home=/home/tools/apache-tomcat-8.0.39
19-Nov-2017 06:22:34.916 信息 [main] org.apache.catalina.startup.VersionLoggerListener.log Command line argument: -Djava.io.tmpdir=/home/opt/tomcat-instance/tomcat_8083/temp
19-Nov-2017 06:22:34.916 信息 [main] org.apache.catalina.core.AprLifecycleListener.lifecycleEvent The APR based Apache Tomcat Native library which allows optimal performance in production environments was not found on the java.library.path: /usr/java/packages/lib/amd64:/usr/lib64:/lib64:/lib:/usr/lib
19-Nov-2017 06:22:35.336 信息 [main] org.apache.coyote.AbstractProtocol.init Initializing ProtocolHandler ["http-nio-8083"]
19-Nov-2017 06:22:35.392 信息 [main] org.apache.tomcat.util.net.NioSelectorPool.getSharedSelector Using a shared selector for servlet write/read
19-Nov-2017 06:22:35.400 信息 [main] org.apache.catalina.startup.Catalina.load Initialization processed in 1789 ms
19-Nov-2017 06:22:35.480 信息 [main] org.apache.catalina.core.StandardService.startInternal Starting service Catalina
19-Nov-2017 06:22:35.481 信息 [main] org.apache.catalina.core.StandardEngine.startInternal Starting Servlet Engine: Apache Tomcat/8.0.39
19-Nov-2017 06:22:36.483 信息 [main] org.apache.coyote.AbstractProtocol.start Starting ProtocolHandler ["http-nio-8083"]
19-Nov-2017 06:22:36.507 信息 [main] org.apache.catalina.startup.Catalina.start Server startup in 1106 ms
