19-Nov-2017 06:19:58.306 信息 [main] org.apache.catalina.core.StandardServer.await A valid shutdown command was received via the shutdown port. Stopping the Server instance.
19-Nov-2017 06:19:58.307 信息 [main] org.apache.coyote.AbstractProtocol.pause Pausing ProtocolHandler ["http-nio-8081"]
19-Nov-2017 06:19:58.312 信息 [main] org.apache.catalina.core.StandardService.stopInternal Stopping service Catalina
19-Nov-2017 06:19:58.350 信息 [main] org.apache.coyote.AbstractProtocol.stop Stopping ProtocolHandler ["http-nio-8081"]
19-Nov-2017 06:19:58.350 信息 [main] org.apache.coyote.AbstractProtocol.destroy Destroying ProtocolHandler ["http-nio-8081"]
19-Nov-2017 06:19:59.915 警告 [main] org.apache.tomcat.util.digester.SetPropertiesRule.begin [SetPropertiesRule]{Server/Service/Engine/Host/Context} Setting property 'debug' to '0' did not find a matching property.
19-Nov-2017 06:19:59.988 信息 [main] org.apache.catalina.startup.VersionLoggerListener.log Server version:        Apache Tomcat/8.0.39
19-Nov-2017 06:19:59.991 信息 [main] org.apache.catalina.startup.VersionLoggerListener.log Server built:          Nov 9 2016 08:48:39 UTC
19-Nov-2017 06:19:59.991 信息 [main] org.apache.catalina.startup.VersionLoggerListener.log Server number:         8.0.39.0
19-Nov-2017 06:19:59.991 信息 [main] org.apache.catalina.startup.VersionLoggerListener.log OS Name:               Linux
19-Nov-2017 06:19:59.992 信息 [main] org.apache.catalina.startup.VersionLoggerListener.log OS Version:            2.6.32-431.el6.x86_64
19-Nov-2017 06:19:59.992 信息 [main] org.apache.catalina.startup.VersionLoggerListener.log Architecture:          amd64
19-Nov-2017 06:19:59.992 信息 [main] org.apache.catalina.startup.VersionLoggerListener.log Java Home:             /home/opt/jdk8/jdk1.8.0_151/jre
19-Nov-2017 06:19:59.993 信息 [main] org.apache.catalina.startup.VersionLoggerListener.log JVM Version:           1.8.0_151-b12
19-Nov-2017 06:19:59.993 信息 [main] org.apache.catalina.startup.VersionLoggerListener.log JVM Vendor:            Oracle Corporation
19-Nov-2017 06:19:59.993 信息 [main] org.apache.catalina.startup.VersionLoggerListener.log CATALINA_BASE:         /home/opt/tomcat-instance/tomcat_8082
19-Nov-2017 06:19:59.994 信息 [main] org.apache.catalina.startup.VersionLoggerListener.log CATALINA_HOME:         /home/tools/apache-tomcat-8.0.39
19-Nov-2017 06:19:59.995 信息 [main] org.apache.catalina.startup.VersionLoggerListener.log Command line argument: -Djava.util.logging.config.file=/home/opt/tomcat-instance/tomcat_8082/conf/logging.properties
19-Nov-2017 06:19:59.995 信息 [main] org.apache.catalina.startup.VersionLoggerListener.log Command line argument: -Djava.util.logging.manager=org.apache.juli.ClassLoaderLogManager
19-Nov-2017 06:19:59.996 信息 [main] org.apache.catalina.startup.VersionLoggerListener.log Command line argument: -Djdk.tls.ephemeralDHKeySize=2048
19-Nov-2017 06:19:59.997 信息 [main] org.apache.catalina.startup.VersionLoggerListener.log Command line argument: -Djava.protocol.handler.pkgs=org.apache.catalina.webresources
19-Nov-2017 06:19:59.997 信息 [main] org.apache.catalina.startup.VersionLoggerListener.log Command line argument: -Djava.endorsed.dirs=/home/tools/apache-tomcat-8.0.39/endorsed
19-Nov-2017 06:19:59.997 信息 [main] org.apache.catalina.startup.VersionLoggerListener.log Command line argument: -Dcatalina.base=/home/opt/tomcat-instance/tomcat_8082
19-Nov-2017 06:20:00.001 信息 [main] org.apache.catalina.startup.VersionLoggerListener.log Command line argument: -Dcatalina.home=/home/tools/apache-tomcat-8.0.39
19-Nov-2017 06:20:00.001 信息 [main] org.apache.catalina.startup.VersionLoggerListener.log Command line argument: -Djava.io.tmpdir=/home/opt/tomcat-instance/tomcat_8082/temp
19-Nov-2017 06:20:00.002 信息 [main] org.apache.catalina.core.AprLifecycleListener.lifecycleEvent The APR based Apache Tomcat Native library which allows optimal performance in production environments was not found on the java.library.path: /usr/java/packages/lib/amd64:/usr/lib64:/lib64:/lib:/usr/lib
19-Nov-2017 06:20:00.408 信息 [main] org.apache.coyote.AbstractProtocol.init Initializing ProtocolHandler ["http-nio-8082"]
19-Nov-2017 06:20:00.469 信息 [main] org.apache.tomcat.util.net.NioSelectorPool.getSharedSelector Using a shared selector for servlet write/read
19-Nov-2017 06:20:00.475 信息 [main] org.apache.catalina.startup.Catalina.load Initialization processed in 1801 ms
19-Nov-2017 06:20:00.551 信息 [main] org.apache.catalina.core.StandardService.startInternal Starting service Catalina
19-Nov-2017 06:20:00.556 信息 [main] org.apache.catalina.core.StandardEngine.startInternal Starting Servlet Engine: Apache Tomcat/8.0.39
19-Nov-2017 06:20:01.511 信息 [main] org.apache.coyote.AbstractProtocol.start Starting ProtocolHandler ["http-nio-8082"]
19-Nov-2017 06:20:01.528 信息 [main] org.apache.catalina.startup.Catalina.start Server startup in 1051 ms
